[    0.000000] Linux version 4.15.0-212-generic (buildd@lcy02-amd64-083) (gcc version 7.5.0 (Ubuntu 7.5.0-3ubuntu1~18.04)) #223-Ubuntu SMP Tue May 23 13:09:22 UTC 2023 (Ubuntu 4.15.0-212.223-generic 4.15.18)
[    0.000000] Command line: BOOT_IMAGE=/boot/vmlinuz-4.15.0-212-generic root=LABEL=cloudimg-rootfs ro console=tty1 console=ttyS0
[    0.000000] KERNEL supported cpus:
[    0.000000]   Intel GenuineIntel
[    0.000000]   AMD AuthenticAMD
[    0.000000]   Centaur CentaurHauls
[    0.000000] x86/fpu: x87 FPU will use FXSAVE
[    0.000000] e820: BIOS-provided physical RAM map:
[    0.000000] BIOS-e820: [mem 0x0000000000000000-0x000000000009fbff] usable
[    0.000000] BIOS-e820: [mem 0x000000000009fc00-0x000000000009ffff] reserved
[    0.000000] BIOS-e820: [mem 0x00000000000f0000-0x00000000000fffff] reserved
[    0.000000] BIOS-e820: [mem 0x0000000000100000-0x000000003ffeffff] usable
[    0.000000] BIOS-e820: [mem 0x000000003fff0000-0x000000003fffffff] ACPI data
[    0.000000] BIOS-e820: [mem 0x00000000fec00000-0x00000000fec00fff] reserved
[    0.000000] BIOS-e820: [mem 0x00000000fee00000-0x00000000fee00fff] reserved
[    0.000000] BIOS-e820: [mem 0x00000000fffc0000-0x00000000ffffffff] reserved
[    0.000000] NX (Execute Disable) protection: active
[    0.000000] SMBIOS 2.5 present.
[    0.000000] DMI: innotek GmbH VirtualBox/VirtualBox, BIOS VirtualBox 12/01/2006
[    0.000000] Hypervisor detected: KVM
[    0.000000] e820: last_pfn = 0x3fff0 max_arch_pfn = 0x400000000
[    0.000000] MTRR: Disabled
[    0.000000] x86/PAT: MTRRs disabled, skipping PAT initialization too.
[    0.000000] CPU MTRRs all blank - virtualized system.
[    0.000000] x86/PAT: Configuration [0-7]: WB  WT  UC- UC  WB  WT  UC- UC  
[    0.000000] found SMP MP-table at [mem 0x0009fff0-0x0009ffff]
[    0.000000] Scanning 1 areas for low memory corruption
[    0.000000] RAMDISK: [mem 0x359cb000-0x36cdcfff]
[    0.000000] ACPI: Early table checksum verification disabled
[    0.000000] ACPI: RSDP 0x00000000000E0000 000024 (v02 VBOX  )
[    0.000000] ACPI: XSDT 0x000000003FFF0030 00003C (v01 VBOX   VBOXXSDT 00000001 ASL  00000061)
[    0.000000] ACPI: FACP 0x000000003FFF00F0 0000F4 (v04 VBOX   VBOXFACP 00000001 ASL  00000061)
[    0.000000] ACPI: DSDT 0x000000003FFF0610 002353 (v02 VBOX   VBOXBIOS 00000002 INTL 20100528)
[    0.000000] ACPI: FACS 0x000000003FFF0200 000040
[    0.000000] ACPI: FACS 0x000000003FFF0200 000040
[    0.000000] ACPI: APIC 0x000000003FFF0240 00005C (v02 VBOX   VBOXAPIC 00000001 ASL  00000061)
[    0.000000] ACPI: SSDT 0x000000003FFF02A0 00036C (v01 VBOX   VBOXCPUT 00000002 INTL 20100528)
[    0.000000] ACPI: Reserving FACP table memory at [mem 0x3fff00f0-0x3fff01e3]
[    0.000000] ACPI: Reserving DSDT table memory at [mem 0x3fff0610-0x3fff2962]
[    0.000000] ACPI: Reserving FACS table memory at [mem 0x3fff0200-0x3fff023f]
[    0.000000] ACPI: Reserving FACS table memory at [mem 0x3fff0200-0x3fff023f]
[    0.000000] ACPI: Reserving APIC table memory at [mem 0x3fff0240-0x3fff029b]
[    0.000000] ACPI: Reserving SSDT table memory at [mem 0x3fff02a0-0x3fff060b]
[    0.000000] No NUMA configuration found
[    0.000000] Faking a node at [mem 0x0000000000000000-0x000000003ffeffff]
[    0.000000] NODE_DATA(0) allocated [mem 0x3ffc5000-0x3ffeffff]
[    0.000000] kvm-clock: cpu 0, msr 0:3ff44001, primary cpu clock
[    0.000000] kvm-clock: Using msrs 4b564d01 and 4b564d00
[    0.000000] kvm-clock: using sched offset of 4644427932 cycles
[    0.000000] clocksource: kvm-clock: mask: 0xffffffffffffffff max_cycles: 0x1cd42e4dffb, max_idle_ns: 881590591483 ns
[    0.000000] Zone ranges:
[    0.000000]   DMA      [mem 0x0000000000001000-0x0000000000ffffff]
[    0.000000]   DMA32    [mem 0x0000000001000000-0x000000003ffeffff]
[    0.000000]   Normal   empty
[    0.000000]   Device   empty
[    0.000000] Movable zone start for each node
[    0.000000] Early memory node ranges
[    0.000000]   node   0: [mem 0x0000000000001000-0x000000000009efff]
[    0.000000]   node   0: [mem 0x0000000000100000-0x000000003ffeffff]
[    0.000000] Reserved but unavailable: 104 pages
[    0.000000] Initmem setup node 0 [mem 0x0000000000001000-0x000000003ffeffff]
[    0.000000] ACPI: PM-Timer IO Port: 0x4008
[    0.000000] IOAPIC[0]: apic_id 2, version 32, address 0xfec00000, GSI 0-23
[    0.000000] ACPI: INT_SRC_OVR (bus 0 bus_irq 0 global_irq 2 dfl dfl)
[    0.000000] ACPI: INT_SRC_OVR (bus 0 bus_irq 9 global_irq 9 low level)
[    0.000000] Using ACPI (MADT) for SMP configuration information
[    0.000000] smpboot: Allowing 2 CPUs, 0 hotplug CPUs
[    0.000000] PM: Registered nosave memory: [mem 0x00000000-0x00000fff]
[    0.000000] PM: Registered nosave memory: [mem 0x0009f000-0x0009ffff]
[    0.000000] PM: Registered nosave memory: [mem 0x000a0000-0x000effff]
[    0.000000] PM: Registered nosave memory: [mem 0x000f0000-0x000fffff]
[    0.000000] e820: [mem 0x40000000-0xfebfffff] available for PCI devices
[    0.000000] Booting paravirtualized kernel on KVM
[    0.000000] clocksource: refined-jiffies: mask: 0xffffffff max_cycles: 0xffffffff, max_idle_ns: 7645519600211568 ns
[    0.000000] setup_percpu: NR_CPUS:8192 nr_cpumask_bits:2 nr_cpu_ids:2 nr_node_ids:1
[    0.000000] percpu: Embedded 50 pages/cpu s167936 r8192 d28672 u1048576
[    0.000000] PV qspinlock hash table entries: 256 (order: 0, 4096 bytes)
[    0.000000] Built 1 zonelists, mobility grouping on.  Total pages: 257913
[    0.000000] Policy zone: DMA32
[    0.000000] Kernel command line: BOOT_IMAGE=/boot/vmlinuz-4.15.0-212-generic root=LABEL=cloudimg-rootfs ro console=tty1 console=ttyS0
[    0.000000] Memory: 982644K/1048120K available (12300K kernel code, 2477K rwdata, 4324K rodata, 2480K init, 2720K bss, 65476K reserved, 0K cma-reserved)
[    0.000000] SLUB: HWalign=64, Order=0-3, MinObjects=0, CPUs=2, Nodes=1
[    0.000000] Kernel/User page tables isolation: enabled
[    0.000000] ftrace: allocating 39508 entries in 155 pages
[    0.004000] Hierarchical RCU implementation.
[    0.004000] 	RCU restricting CPUs from NR_CPUS=8192 to nr_cpu_ids=2.
[    0.004000] 	Tasks RCU enabled.
[    0.004000] RCU: Adjusting geometry for rcu_fanout_leaf=16, nr_cpu_ids=2
[    0.004000] NR_IRQS: 524544, nr_irqs: 440, preallocated irqs: 16
[    0.004000] random: crng init done
[    0.004000] Console: colour VGA+ 80x25
[    0.004000] console [tty1] enabled
[    0.004000] console [ttyS0] enabled
[    0.004000] ACPI: Core revision 20170831
[    0.004000] ACPI: 2 ACPI AML tables successfully acquired and loaded
[    0.004000] APIC: Switch to symmetric I/O mode setup
[    0.004000] ..TIMER: vector=0x30 apic1=0 pin1=2 apic2=-1 pin2=-1
[    0.004000] tsc: Detected 2903.998 MHz processor
[    0.004000] Calibrating delay loop (skipped) preset value.. 5807.99 BogoMIPS (lpj=11615992)
[    0.004008] pid_max: default: 32768 minimum: 301
[    0.008094] Security Framework initialized
[    0.012008] Yama: becoming mindful.
[    0.016125] AppArmor: AppArmor initialized
[    0.032233] Dentry cache hash table entries: 131072 (order: 8, 1048576 bytes)
[    0.041684] Inode-cache hash table entries: 65536 (order: 7, 524288 bytes)
[    0.048010] Mount-cache hash table entries: 2048 (order: 2, 16384 bytes)
[    0.052101] Mountpoint-cache hash table entries: 2048 (order: 2, 16384 bytes)
[    0.062710] Last level iTLB entries: 4KB 64, 2MB 8, 4MB 8
[    0.068007] Last level dTLB entries: 4KB 64, 2MB 0, 4MB 0, 1GB 4
[    0.072011] Spectre V1 : Mitigation: usercopy/swapgs barriers and __user pointer sanitization
[    0.080009] Spectre V2 : Mitigation: Retpolines
[    0.084012] Spectre V2 : Spectre v2 / SpectreRSB mitigation: Filling RSB on context switch
[    0.088008] Spectre V2 : Spectre v2 / SpectreRSB : Filling RSB on VMEXIT
[    0.092006] RETBleed: WARNING: Spectre v2 mitigation leaves CPU vulnerable to RETBleed attacks, data leaks possible!
[    0.096008] RETBleed: Vulnerable
[    0.104006] Speculative Store Bypass: Vulnerable
[    0.108116] MDS: Mitigation: Clear CPU buffers
[    0.112006] MMIO Stale Data: Mitigation: Clear CPU buffers
[    0.116008] SRBDS: Unknown: Dependent on hypervisor status
[    0.120451] Freeing SMP alternatives memory: 36K
[    0.237016] smpboot: CPU0: Intel(R) Core(TM) i7-7600U CPU @ 2.80GHz (family: 0x6, model: 0x8e, stepping: 0x9)
[    0.240547] Performance Events: unsupported p6 CPU model 142 no PMU driver, software events only.
[    0.244152] Hierarchical SRCU implementation.
[    0.252099] NMI watchdog: Perf event create on CPU 0 failed with -2
[    0.256007] NMI watchdog: Perf NMI watchdog permanently disabled
[    0.264131] smp: Bringing up secondary CPUs ...
[    0.269184] x86: Booting SMP configuration:
[    0.272005] .... node  #0, CPUs:      #1
[    0.004000] kvm-clock: cpu 1, msr 0:3ff44041, secondary cpu clock
[    0.287722] TSC synchronization [CPU#0 -> CPU#1]:
[    0.288000] Measured 103406 cycles TSC warp between CPUs, turning off TSC clock.
[    0.288000] tsc: Marking TSC unstable due to check_tsc_sync_source failed
[    0.292254] smp: Brought up 1 node, 2 CPUs
[    0.296009] smpboot: Max logical packages: 1
[    0.300008] smpboot: Total of 2 processors activated (11615.99 BogoMIPS)
[    0.308693] devtmpfs: initialized
[    0.312131] x86/mm: Memory block size: 128MB
[    0.316489] evm: security.selinux
[    0.320004] evm: security.SMACK64
[    0.324022] evm: security.SMACK64EXEC
[    0.328003] evm: security.SMACK64TRANSMUTE
[    0.332004] evm: security.SMACK64MMAP
[    0.336005] evm: security.apparmor
[    0.340004] evm: security.ima
[    0.344006] evm: security.capability
[    0.352617] clocksource: jiffies: mask: 0xffffffff max_cycles: 0xffffffff, max_idle_ns: 7645041785100000 ns
[    0.356204] futex hash table entries: 512 (order: 3, 32768 bytes)
[    0.360315] pinctrl core: initialized pinctrl subsystem
[    0.364931] RTC time: 23:04:17, date: 07/05/24
[    0.370169] NET: Registered protocol family 16
[    0.372254] audit: initializing netlink subsys (disabled)
[    0.380262] audit: type=2000 audit(1720220662.472:1): state=initialized audit_enabled=0 res=1
[    0.396015] cpuidle: using governor ladder
[    0.400020] cpuidle: using governor menu
[    0.404123] ACPI: bus type PCI registered
[    0.408008] acpiphp: ACPI Hot Plug PCI Controller Driver version: 0.5
[    0.412797] PCI: Using configuration type 1 for base access
[    0.428258] HugeTLB registered 2.00 MiB page size, pre-allocated 0 pages
[    0.436909] ACPI: Added _OSI(Module Device)
[    0.444012] ACPI: Added _OSI(Processor Device)
[    0.448007] ACPI: Added _OSI(3.0 _SCP Extensions)
[    0.452008] ACPI: Added _OSI(Processor Aggregator Device)
[    0.456037] ACPI: Added _OSI(Linux-Dell-Video)
[    0.460009] ACPI: Added _OSI(Linux-Lenovo-NV-HDMI-Audio)
[    0.464015] ACPI: Added _OSI(Linux-HPI-Hybrid-Graphics)
[    0.472992] ACPI: Executed 1 blocks of module-level executable AML code
[    0.483426] ACPI: Interpreter enabled
[    0.484036] ACPI: (supports S0 S5)
[    0.488009] ACPI: Using IOAPIC for interrupt routing
[    0.492796] PCI: Using host bridge windows from ACPI; if necessary, use "pci=nocrs" and report a bug
[    0.496480] ACPI: Enabled 2 GPEs in block 00 to 07
[    0.518529] ACPI: PCI Root Bridge [PCI0] (domain 0000 [bus 00-ff])
[    0.520024] acpi PNP0A03:00: _OSC: OS supports [ASPM ClockPM Segments MSI]
[    0.525132] acpi PNP0A03:00: _OSC: not requesting OS control; OS requires [ExtendedConfig ASPM ClockPM MSI]
[    0.532039] acpi PNP0A03:00: fail to add MMCONFIG information, can't access extended PCI configuration space under this bridge.
[    0.537136] PCI host bridge to bus 0000:00
[    0.540063] pci_bus 0000:00: root bus resource [io  0x0000-0x0cf7 window]
[    0.544016] pci_bus 0000:00: root bus resource [io  0x0d00-0xffff window]
[    0.548016] pci_bus 0000:00: root bus resource [mem 0x000a0000-0x000bffff window]
[    0.552017] pci_bus 0000:00: root bus resource [mem 0x40000000-0xfdffffff window]
[    0.556013] pci_bus 0000:00: root bus resource [bus 00-ff]
[    0.577210] pci 0000:00:01.1: legacy IDE quirk: reg 0x10: [io  0x01f0-0x01f7]
[    0.580010] pci 0000:00:01.1: legacy IDE quirk: reg 0x14: [io  0x03f6]
[    0.584014] pci 0000:00:01.1: legacy IDE quirk: reg 0x18: [io  0x0170-0x0177]
[    0.588015] pci 0000:00:01.1: legacy IDE quirk: reg 0x1c: [io  0x0376]
[    0.641572] pci 0000:00:07.0: quirk: [io  0x4000-0x403f] claimed by PIIX4 ACPI
[    0.644083] pci 0000:00:07.0: quirk: [io  0x4100-0x410f] claimed by PIIX4 SMB
[    0.674979] ACPI: PCI Interrupt Link [LNKA] (IRQs 5 9 10 *11)
[    0.677160] ACPI: PCI Interrupt Link [LNKB] (IRQs 5 9 *10 11)
[    0.680347] ACPI: PCI Interrupt Link [LNKC] (IRQs 5 *9 10 11)
[    0.684342] ACPI: PCI Interrupt Link [LNKD] (IRQs 5 9 10 *11)
[    0.692291] SCSI subsystem initialized
[    0.700229] pci 0000:00:02.0: vgaarb: setting as boot VGA device
[    0.704000] pci 0000:00:02.0: vgaarb: VGA device added: decodes=io+mem,owns=io+mem,locks=none
[    0.704013] pci 0000:00:02.0: vgaarb: bridge control possible
[    0.708007] vgaarb: loaded
[    0.712177] ACPI: bus type USB registered
[    0.716040] usbcore: registered new interface driver usbfs
[    0.720053] usbcore: registered new interface driver hub
[    0.724035] usbcore: registered new device driver usb
[    0.728352] EDAC MC: Ver: 3.0.0
[    0.736538] PCI: Using ACPI for IRQ routing
[    0.744933] NetLabel: Initializing
[    0.748009] NetLabel:  domain hash size = 128
[    0.752007] NetLabel:  protocols = UNLABELED CIPSOv4 CALIPSO
[    0.756044] NetLabel:  unlabeled traffic allowed by default
[    0.760352] clocksource: Switched to clocksource kvm-clock
[    0.829425] VFS: Disk quotas dquot_6.6.0
[    0.829425] VFS: Dquot-cache hash table entries: 512 (order 0, 4096 bytes)
[    0.851161] AppArmor: AppArmor Filesystem Enabled
[    0.854611] pnp: PnP ACPI init
[    0.866557] pnp: PnP ACPI: found 3 devices
[    0.933602] clocksource: acpi_pm: mask: 0xffffff max_cycles: 0xffffff, max_idle_ns: 2085701024 ns
[    0.936578] NET: Registered protocol family 2
[    0.936578] IP idents hash table entries: 16384 (order: 5, 131072 bytes)
[    0.964155] TCP established hash table entries: 8192 (order: 4, 65536 bytes)
[    0.975440] TCP bind hash table entries: 8192 (order: 5, 131072 bytes)
[    0.985096] TCP: Hash tables configured (established 8192 bind 8192)
[    0.988317] UDP hash table entries: 512 (order: 2, 16384 bytes)
[    0.988317] UDP-Lite hash table entries: 512 (order: 2, 16384 bytes)
[    0.988317] NET: Registered protocol family 1
[    0.988317] pci 0000:00:00.0: Limiting direct PCI/PCI transfers
[    1.029192] pci 0000:00:01.0: Activating ISA DMA hang workarounds
[    1.033031] pci 0000:00:02.0: Video device with shadowed ROM at [mem 0x000c0000-0x000dffff]
[    1.033031] Unpacking initramfs...
[    1.795841] Freeing initrd memory: 19528K
[    1.810473] clocksource: tsc: mask: 0xffffffffffffffff max_cycles: 0x29dc03c1beb, max_idle_ns: 440795205215 ns
[    1.838583] platform rtc_cmos: registered platform RTC device (no PNP device found)
[    1.858213] Scanning for low memory corruption every 60 seconds
[    1.870920] Initialise system trusted keyrings
[    1.878272] Key type blacklist registered
[    1.886254] workingset: timestamp_bits=36 max_order=18 bucket_order=0
[    1.900552] zbud: loaded
[    1.908891] squashfs: version 4.0 (2009/01/31) Phillip Lougher
[    1.920858] fuse init (API version 7.26)
[    1.974010] Key type asymmetric registered
[    1.979373] Asymmetric key parser 'x509' registered
[    1.986809] Block layer SCSI generic (bsg) driver version 0.4 loaded (major 246)
[    1.999368] io scheduler noop registered
[    2.005265] io scheduler deadline registered
[    2.011425] io scheduler cfq registered (default)
[    2.018933] ACPI: AC Adapter [AC] (on-line)
[    2.027030] input: Power Button as /devices/LNXSYSTM:00/LNXPWRBN:00/input/input0
[    2.038331] ACPI: Power Button [PWRF]
[    2.044253] input: Sleep Button as /devices/LNXSYSTM:00/LNXSLPBN:00/input/input1
[    2.054419] ACPI: Sleep Button [SLPF]
[    2.060987] Serial: 8250/16550 driver, 32 ports, IRQ sharing enabled
[    2.063133] ACPI: Battery Slot [BAT0] (battery present)
[    2.105078] 00:02: ttyS0 at I/O 0x3f8 (irq = 4, base_baud = 115200) is a 16550A
[    2.125698] Linux agpgart interface v0.103
[    2.141225] loop: module loaded
[    2.149407] scsi host0: ata_piix
[    2.156017] scsi host1: ata_piix
[    2.161006] ata1: PATA max UDMA/33 cmd 0x1f0 ctl 0x3f6 bmdma 0xd000 irq 14
[    2.169894] ata2: PATA max UDMA/33 cmd 0x170 ctl 0x376 bmdma 0xd008 irq 15
[    2.180728] tun: Universal TUN/TAP device driver, 1.6
[    2.189771] PPP generic driver version 2.4.2
[    2.193655] ehci_hcd: USB 2.0 'Enhanced' Host Controller (EHCI) Driver
[    2.193655] ehci-pci: EHCI PCI platform driver
[    2.193655] ehci-platform: EHCI generic platform driver
[    2.193655] ohci_hcd: USB 1.1 'Open' Host Controller (OHCI) Driver
[    2.193655] ohci-pci: OHCI PCI platform driver
[    2.193655] ohci-platform: OHCI generic platform driver
[    2.193655] uhci_hcd: USB Universal Host Controller Interface driver
[    2.193655] i8042: PNP: PS/2 Controller [PNP0303:PS2K,PNP0f03:PS2M] at 0x60,0x64 irq 1,12
[    2.193655] serio: i8042 KBD port at 0x60,0x64 irq 1
[    2.193655] serio: i8042 AUX port at 0x60,0x64 irq 12
[    2.193655] mousedev: PS/2 mouse device common for all mice
[    2.295898] rtc_cmos rtc_cmos: rtc core: registered rtc_cmos as rtc0
[    2.307600] input: AT Translated Set 2 keyboard as /devices/platform/i8042/serio0/input/input2
[    2.308954] rtc_cmos rtc_cmos: alarms up to one day, 114 bytes nvram
[    2.329261] i2c /dev entries driver
[    2.336162] device-mapper: uevent: version 1.0.3
[    2.344984] device-mapper: ioctl: 4.37.0-ioctl (2017-09-20) initialised: dm-devel@redhat.com
[    2.434781] ledtrig-cpu: registered to indicate activity on CPUs
[    2.450183] NET: Registered protocol family 10
[    2.474376] Segment Routing with IPv6
[    2.480660] NET: Registered protocol family 17
[    2.489429] Key type dns_resolver registered
[    2.497465] mce: Using 0 MCE banks
[    2.503264] RAS: Correctable Errors collector initialized.
[    2.513031] sched_clock: Marking stable (2512848844, 0)->(4046509009, -1533660165)
[    2.532968] registered taskstats version 1
[    2.539811] Loading compiled-in X.509 certificates
[    2.557693] Loaded X.509 cert 'Build time autogenerated kernel key: b5b26778eaa3ab3a4a6cee031137706e947d12ad'
[    2.574790] Loaded X.509 cert 'Canonical Ltd. Live Patch Signing: 14df34d1a87cf37625abec039ef2bf521249b969'
[    2.591050] Loaded X.509 cert 'Canonical Ltd. Kernel Module Signing: 88f752e560a1e0737e31163a466ad7b70a850c19'
[    2.608643] blacklist: Loading compiled-in revocation X.509 certificates
[    2.619123] Loaded X.509 cert 'Canonical Ltd. Secure Boot Signing: 61482aa2830d0ab2ad5af10b7250da9033ddcef0'
[    2.634071] Loaded X.509 cert 'Canonical Ltd. Secure Boot Signing (2017): 242ade75ac4a15e50d50c84b0d45ff3eae707a03'
[    2.651028] Loaded X.509 cert 'Canonical Ltd. Secure Boot Signing (ESM 2018): 365188c1d374d6b07c3c8f240f8ef722433d6a8b'
[    2.667024] Loaded X.509 cert 'Canonical Ltd. Secure Boot Signing (2019): c0746fd6c5da3ae827864651ad66ae47fe24b3e8'
[    2.681174] Loaded X.509 cert 'Canonical Ltd. Secure Boot Signing (2021 v1): a8d54bbb3825cfb94fa13c9f8a594a195c107b8d'
[    2.700979] Loaded X.509 cert 'Canonical Ltd. Secure Boot Signing (2021 v2): 4cf046892d6fd3c9a5b03f98d845f90851dc6a8c'
[    2.717189] Loaded X.509 cert 'Canonical Ltd. Secure Boot Signing (2021 v3): 100437bb6de6e469b581e61cd66bce3ef4ed53af'
[    2.733246] Loaded X.509 cert 'Canonical Ltd. Secure Boot Signing (Ubuntu Core 2019): c1d57b8f6b743f23ee41f4f7ee292f06eecadfb9'
[    2.751763] zswap: loaded using pool lzo/zbud
[    2.779409] Key type big_key registered
[    2.785494] Key type trusted registered
[    2.797569] Key type encrypted registered
[    2.803504] AppArmor: AppArmor sha1 policy hashing enabled
[    2.810675] ima: No TPM chip found, activating TPM-bypass! (rc=-19)
[    2.819788] ima: Allocated hash algorithm: sha1
[    2.826681] evm: HMAC attrs: 0x1
[    2.833132]   Magic number: 0:336:99
[    2.839570] rtc_cmos rtc_cmos: setting system clock to 2024-07-05 23:04:20 UTC (1720220660)
[    2.850907] BIOS EDD facility v0.16 2004-Jun-25, 0 devices found
[    2.861103] EDD information not available.
[    2.873752] Freeing unused kernel image memory: 2480K
[    2.904014] Write protecting the kernel read-only data: 20480k
[    2.913164] Freeing unused kernel image memory: 2008K
[    2.921435] Freeing unused kernel image memory: 1820K
[    2.936312] x86/mm: Checked W+X mappings: passed, no W+X pages found.
[    2.945966] x86/mm: Checking user space page tables
[    2.959552] x86/mm: Checked W+X mappings: passed, no W+X pages found.
Loading, please wait...
starting version 237
[    3.156883] Fusion MPT base driver 3.04.20
[    3.163697] Copyright (c) 1999-2008 LSI Corporation
[    3.183076] e1000: Intel(R) PRO/1000 Network Driver - version 7.3.21-k8-NAPI
[    3.196951] e1000: Copyright (c) 1999-2006 Intel Corporation.
[    3.228190] SSE version of gcm_enc/dec engaged.
[    3.286927] Fusion MPT SPI Host driver 3.04.20
[    3.485869] input: ImExPS/2 Generic Explorer Mouse as /devices/platform/i8042/serio1/input/input4
[    4.181203] e1000 0000:00:03.0 eth0: (PCI:33MHz:32-bit) 02:3b:7b:b7:3b:2d
[    4.192216] e1000 0000:00:03.0 eth0: Intel(R) PRO/1000 Network Connection
[    5.071692] e1000 0000:00:08.0 eth1: (PCI:33MHz:32-bit) 08:00:27:47:cc:f3
[    5.080845] e1000 0000:00:08.0 eth1: Intel(R) PRO/1000 Network Connection
[    5.095078] e1000 0000:00:08.0 enp0s8: renamed from eth1
[    5.104353] mptbase: ioc0: Initiating bringup
[    5.118097] e1000 0000:00:03.0 enp0s3: renamed from eth0
[    9.319271] ioc0: LSI53C1030 A0: Capabilities={Initiator}
[   11.054347] scsi host2: ioc0: LSI53C1030 A0, FwRev=00000000h, Ports=1, MaxQ=256, IRQ=20
[   12.738098] scsi 2:0:0:0: Direct-Access     VBOX     HARDDISK         1.0  PQ: 0 ANSI: 5
[   12.803618] scsi target2:0:0: Beginning Domain Validation
[   12.821190] scsi target2:0:0: Domain Validation skipping write tests
[   12.828231] scsi target2:0:0: Ending Domain Validation
[   12.835475] scsi target2:0:0: asynchronous
[   12.844733] scsi 2:0:1:0: Direct-Access     VBOX     HARDDISK         1.0  PQ: 0 ANSI: 5
[   14.029064] scsi target2:0:1: Beginning Domain Validation
[   14.047330] scsi target2:0:1: Domain Validation skipping write tests
[   14.057027] scsi target2:0:1: Ending Domain Validation
[   14.068293] scsi target2:0:1: asynchronous
[   14.097459] sd 2:0:0:0: [sda] 83886080 512-byte logical blocks: (42.9 GB/40.0 GiB)
[   14.114619] sd 2:0:0:0: Attached scsi generic sg0 type 0
[   14.126725] sd 2:0:0:0: [sda] Write Protect is off
[   14.139704] sd 2:0:0:0: [sda] Incomplete mode parameter data
[   14.146625] sd 2:0:1:0: Attached scsi generic sg1 type 0
[   14.151990] sd 2:0:0:0: [sda] Assuming drive cache: write through
[   14.173014] sd 2:0:1:0: [sdb] 20480 512-byte logical blocks: (10.5 MB/10.0 MiB)
[   14.183636] sd 2:0:1:0: [sdb] Write Protect is off
[   14.191169] sd 2:0:1:0: [sdb] Incomplete mode parameter data
[   14.200539] sd 2:0:1:0: [sdb] Assuming drive cache: write through
[   14.209269]  sda: sda1
[   14.218517] sd 2:0:0:0: [sda] Attached SCSI disk
[   14.223605] sd 2:0:1:0: [sdb] Attached SCSI disk
Begin: Loading essential drivers ... [   17.572290] raid6: sse2x1   gen()  4187 MB/s
[   17.628712] raid6: sse2x1   xor()  3009 MB/s
[   17.684933] raid6: sse2x2   gen()  5243 MB/s
[   17.740695] raid6: sse2x2   xor()  3294 MB/s
[   17.796284] raid6: sse2x4   gen()  5335 MB/s
[   17.852181] raid6: sse2x4   xor()  3825 MB/s
[   17.861755] raid6: using algorithm sse2x4 gen() 5335 MB/s
[   17.871598] raid6: .... xor() 3825 MB/s, rmw enabled
[   17.880946] raid6: using ssse3x2 recovery algorithm
[   17.897006] xor: measuring software checksum speed
[   21.028373]    prefetch64-sse: -1577339.-296 MB/sec
[   23.115860]    generic_sse: -1104547.-296 MB/sec
[   23.123781] xor: using function: generic_sse (-1104547.-296 MB/sec)
[   23.138149] async_tx: api initialized (async)
done.
Begin: Running /scripts/init-premount ... done.
Begin: Mounting root file system ... Begin: Running /scripts/local-top ... done.
Begin: Running /scripts/local-premount ... [   23.257509] Btrfs loaded, crc32c=crc32c-intel
Scanning for Btrfs filesystems
done.
Warning: fsck not present, so skipping root file system
[   23.336485] EXT4-fs (sda1): mounted filesystem with ordered data mode. Opts: (null)
done.
Begin: Running /scripts/local-bottom ... done.
Begin: Running /scripts/init-bottom ... done.
[   23.713201] ip_tables: (C) 2000-2006 Netfilter Core Team
[   23.755287] systemd[1]: systemd 237 running in system mode. (+PAM +AUDIT +SELINUX +IMA +APPARMOR +SMACK +SYSVINIT +UTMP +LIBCRYPTSETUP +GCRYPT +GNUTLS +ACL +XZ +LZ4 +SECCOMP +BLKID +ELFUTILS +KMOD -IDN2 +IDN -PCRE2 default-hierarchy=hybrid)
[   23.788724] systemd[1]: Detected virtualization oracle.
[   23.798169] systemd[1]: Detected architecture x86-64.

Welcome to [1mUbuntu 18.04.6 LTS[0m!

[   23.865294] systemd[1]: Set hostname to <ubuntu>.
[   23.884303] systemd[1]: Initializing machine ID from random generator.
[   23.896885] systemd[1]: Installed transient /etc/machine-id file.
[   24.603187] systemd[1]: Reached target Mounting snaps.
[[0;32m  OK  [0m] Reached target Mounting snaps.
[   24.626464] systemd[1]: Reached target Mounted snaps.
[[0;32m  OK  [0m] Reached target Mounted snaps.
[   24.674333] systemd[1]: Created slice User and Session Slice.
[[0;32m  OK  [0m] Created slice User and Session Slice.
[   24.700779] systemd[1]: Set up automount Arbitrary Executable File Formats File System Automount Point.
[[0;32m  OK  [0m] Set up automount Arbitrary Executab…rmats File System Automount Point.
[[0;32m  OK  [0m] Reached target Swap.
[[0;32m  OK  [0m] Started Forward Password Requests to Wall Directory Watch.
[[0;32m  OK  [0m] Created slice System Slice.
[[0;32m  OK  [0m] Reached target Slices.
[[0;32m  OK  [0m] Listening on udev Kernel Socket.
[[0;32m  OK  [0m] Created slice system-serial\x2dgetty.slice.
[[0;32m  OK  [0m] Listening on Journal Socket.
         Starting Load Kernel Modules...
         Starting Set the console keyboard layout...
[[0;32m  OK  [0m] Listening on Journal Socket (/dev/log).
[[0;32m  OK  [0m] Listening on fsck to fsckd communication Socket.
[   24.875216] Loading iSCSI transport class v2.0-870.
         Starting Create list of required st…ce nodes for the current kernel...
[[0;32m  OK  [0m] Listening on Journal Audit Socket.
[[0;32m  OK  [0m] Listening on /dev/initctl Compatibility Named Pipe.
[[0;32m  OK  [0m] Listening on LVM2 poll daemon socket.
[[0;32m  OK  [0m] Listening on Syslog Socket.
         Mounting Huge Pages File System...
[   24.931072] iscsi: registered transport (tcp)
[[0;32m  OK  [0m] Listening on LVM2 metadata daemon socket.
         Mounting Kernel Debug File System...
         Mounting POSIX Message Queue File System...
[[0;32m  OK  [0m] Listening on Device-mapper event daemon FIFOs.
         Starting Monitoring of LVM2 mirrors…ng dmeventd or progress polling...
         Starting Uncomplicated firewall...
         Starting File System Check on Root Device...
[[0;32m  OK  [0m] Reached target User and Group Name Lookups.
[[0;32m  OK  [0m] Reached target System Time Synchronized.
[[0;32m  OK  [0m] Listening on Network Service Netlink Socket.
         Starting Journal Service...
[[0;32m  OK  [0m] Listening on udev Control Socket.
         Starting udev Coldplug all Devices...
[[0;32m  OK  [0m] Started Create list of required sta…vice nodes for the current kernel.
[[0;32m  OK  [0m] Mounted Huge Pages File System.
[[0;32m  OK  [0m] Mounted Kernel Debug File System.
[[0;32m  OK  [0m] Mounted POSIX Message Queue File System.
[[0;32m  OK  [0m] Started Uncomplicated firewall.
[[0;32m  OK  [0m] Started File System Check Daemon to report status.
         Starting Create Static Device Nodes in /dev...
[[0;32m  OK  [0m] Started LVM2 metadata daemon.
[[0;32m  OK  [0m] Started Journal Service.
[[0;32m  OK  [0m] Started udev Coldplug all Devices.
[[0;32m  OK  [0m] Started Create Static Device Nodes in /dev.
[[0;32m  OK  [0m] Started File System Check on Root Device.
         Starting Remount Root and Kernel File Systems...
[   25.434114] iscsi: registered transport (iser)
[[0;32m  OK  [0m] Started Load Kernel Modules.
         Mounting Kernel Configuration File System...[   25.483298] EXT4-fs (sda1): re-mounted. Opts: (null)

         Starting Apply Kernel Variables...
         Mounting FUSE Control File System...
[[0;32m  OK  [0m] Started Monitoring of LVM2 mirrors,…sing dmeventd or progress polling.
[[0;32m  OK  [0m] Started Remount Root and Kernel File Systems.
[[0;32m  OK  [0m] Mounted Kernel Configuration File System.
         Starting Load/Save Random Seed...
         Starting Flush Journal to Persistent Storage...
         Starting udev Kernel Device Manager...
[[0;32m  OK  [0m] Mounted FUSE Control File System.
[[0;32m  OK  [0m] Started udev Kernel Device Manager.
[[0;32m  OK  [0m] Started Load/Save Random Seed.
[[0;32m  OK  [0m] Started Apply Kernel Variables.
[[0;32m  OK  [0m] Started Flush Journal to Persistent Storage.
[[0;32m  OK  [0m] Found device /dev/ttyS0.
[[0;32m  OK  [0m] Listening on Load/Save RF Kill Switch Status /dev/rfkill Watch.
[[0;32m  OK  [0m] Started Set the console keyboard layout.
[[0;32m  OK  [0m] Reached target Local File Systems (Pre).
[[0;32m  OK  [0m] Reached target Local File Systems.
         Starting ebtables ruleset management...
         Starting Tell Plymouth To Write Out Runtime Data...
         Starting Commit a transient machine-id on disk...
         Starting Set console font and keymap...
         Starting AppArmor initialization...
         Starting Create Volatile Files and Directories...
[[0;32m  OK  [0m] Started Dispatch Password Requests to Console Directory Watch.
[[0;32m  OK  [0m] Reached target Local Encrypted Volumes.
[[0;32m  OK  [0m] Started Tell Plymouth To Write Out Runtime Data.
[[0;32m  OK  [0m] Started Commit a transient machine-id on disk.
         Mounting Arbitrary Executable File Formats File System...
[[0;32m  OK  [0m] Mounted Arbitrary Executable File Formats File System.
[[0;32m  OK  [0m] Started Create Volatile Files and Directories.
         Starting Update UTMP about System Boot/Shutdown...
[[0;32m  OK  [0m] Started ebtables ruleset management.
[[0;32m  OK  [0m] Started Update UTMP about System Boot/Shutdown.
[[0;32m  OK  [0m] Started AppArmor initialization.
         Starting Initial cloud-init job (pre-networking)...
         Starting Load AppArmor profiles managed internally by snapd...
[[0;32m  OK  [0m] Started Load AppArmor profiles managed internally by snapd.
[[0;32m  OK  [0m] Started Set console font and keymap.
[   33.261993] cloud-init[749]: Cloud-init v. 23.1.2-0ubuntu0~18.04.1 running 'init-local' at Fri, 05 Jul 2024 23:04:50 +0000. Up 32.48 seconds.
[[0;32m  OK  [0m] Started Initial cloud-init job (pre-networking).
[[0;32m  OK  [0m] Reached target Network (Pre).
         Starting Network Service...
[[0;32m  OK  [0m] Started Network Service.
         Starting Wait for Network to be Configured...
         Starting Network Name Resolution...
[[0;32m  OK  [0m] Started Network Name Resolution.
[[0;32m  OK  [0m] Reached target Network.
[[0;32m  OK  [0m] Reached target Host and Network Name Lookups.
[[0;32m  OK  [0m] Started Wait for Network to be Configured.
         Starting Initial cloud-init job (metadata service crawler)...
[   35.450369] cloud-init[894]: Cloud-init v. 23.1.2-0ubuntu0~18.04.1 running 'init' at Fri, 05 Jul 2024 23:04:52 +0000. Up 35.26 seconds.
[   35.457482] cloud-init[894]: ci-info: ++++++++++++++++++++++++++++++++++++++Net device info+++++++++++++++++++++++++++++++++++++++
[   35.464274] cloud-init[894]: ci-info: +--------+-------+----------------------------+---------------+--------+-------------------+
[   35.470535] cloud-init[894]: ci-info: | Device |   Up  |          Address           |      Mask     | Scope  |     Hw-Address    |
[   35.476877] cloud-init[894]: ci-info: +--------+-------+----------------------------+---------------+--------+-------------------+
[   35.483802] cloud-init[894]: ci-info: | enp0s3 |  True |         10.0.2.15          | 255.255.255.0 | global | 02:3b:7b:b7:3b:2d |
[   35.489713] cloud-init[894]: ci-info: | enp0s3 |  True | fe80::3b:7bff:feb7:3b2d/64 |       .       |  link  | 02:3b:7b:b7:3b:2d |
[   35.495271] cloud-init[894]: ci-info: | enp0s8 | False |             .              |       .       |   .    | 08:00:27:47:cc:f3 |
[   35.501942] cloud-init[894]: ci-info: |   lo   |  True |         127.0.0.1          |   255.0.0.0   |  host  |         .         |
[   35.511810] cloud-init[894]: ci-info: |   lo   |  True |          ::1/128           |       .       |  host  |         .         |
[   35.522532] cloud-init[894]: ci-info: +--------+-------+----------------------------+---------------+--------+-------------------+
[   35.533048] cloud-init[894]: ci-info: ++++++++++++++++++++++++++++Route IPv4 info+++++++++++++++++++++++++++++
[   35.542682] cloud-init[894]: ci-info: +-------+-------------+----------+-----------------+-----------+-------+
[   35.554033] cloud-init[894]: ci-info: | Route | Destination | Gateway  |     Genmask     | Interface | Flags |
[   35.562263] cloud-init[894]: ci-info: +-------+-------------+----------+-----------------+-----------+-------+
[   35.572670] cloud-init[894]: ci-info: |   0   |   0.0.0.0   | 10.0.2.2 |     0.0.0.0     |   enp0s3  |   UG  |
[   35.582217] cloud-init[894]: ci-info: |   1   |   10.0.2.0  | 0.0.0.0  |  255.255.255.0  |   enp0s3  |   U   |
[   35.591205] cloud-init[894]: ci-info: |   2   |   10.0.2.2  | 0.0.0.0  | 255.255.255.255 |   enp0s3  |   UH  |
[   35.602155] cloud-init[894]: ci-info: +-------+-------------+----------+-----------------+-----------+-------+
[   35.611490] cloud-init[894]: ci-info: +++++++++++++++++++Route IPv6 info+++++++++++++++++++
[   35.620708] cloud-init[894]: ci-info: +-------+-------------+---------+-----------+-------+
[   35.628254] cloud-init[894]: ci-info: | Route | Destination | Gateway | Interface | Flags |
[   35.637505] cloud-init[894]: ci-info: +-------+-------------+---------+-----------+-------+
[   35.645510] cloud-init[894]: ci-info: |   1   |  fe80::/64  |    ::   |   enp0s3  |   U   |
[   35.654824] cloud-init[894]: ci-info: |   3   |    local    |    ::   |   enp0s3  |   U   |
[   35.662943] cloud-init[894]: ci-info: |   4   |   ff00::/8  |    ::   |   enp0s3  |   U   |
[   35.671453] cloud-init[894]: ci-info: +-------+-------------+---------+-----------+-------+
[   37.976743] cloud-init[894]: Generating public/private rsa key pair.
[   37.986062] cloud-init[894]: Your identification has been saved in /etc/ssh/ssh_host_rsa_key.
[   37.994622] cloud-init[894]: Your public key has been saved in /etc/ssh/ssh_host_rsa_key.pub.
[   38.003680] cloud-init[894]: The key fingerprint is:
[   38.010020] cloud-init[894]: SHA256:31y5l6BmUFW6hruCBEUFhg5TrcWB5KUbZVhgkhPyoXU root@ubuntu-bionic
[   38.019216] cloud-init[894]: The key's randomart image is:
[   38.025725] cloud-init[894]: +---[RSA 2048]----+
[   38.037453] cloud-init[894]: | . ==EXX+.   ... |
[   38.045496] cloud-init[894]: |  ==*+*=    . .  |
[   38.053816] cloud-init[894]: | . .=++    . .   |
[   38.061737] cloud-init[894]: |     +o   . . .. |
[[0;32m  OK  [0m] Started Initial cloud-init job (metadata service crawler).
[[0;32m  OK  [0m] Reached target Cloud-config availability.
[[0;32m  OK  [0m] Reached target System Initialization.
[[0;32m  OK  [0m] Listening on Open-iSCSI iscsid Socket.
[[0;32m  OK  [0m] Started ACPI Events Check.
[[0;32m  OK  [0m] Reached target Paths.
[[0;32m  OK  [0m] Started Daily apt download activities.
[[0;32m  OK  [0m] Started Ubuntu Advantage Timer for running repeated jobs.
[[0;32m  OK  [0m] Listening on cloud-init hotplug hook socket.
         Starting LXD - unix socket.
[[0;32m  OK  [0m] Started Message of the Day.
[[0;32m  OK  [0m] Started Daily Cleanup of Temporary Directories.
         Starting Socket activation for snappy daemon.
[[0;32m  OK  [0m] Started Daily apt upgrade and clean activities.
[[0;32m  OK  [0m] Listening on D-Bus System Message Bus Socket.
[[0;32m  OK  [0m] Listening on UUID daemon activation socket.
[[0;32m  OK  [0m] Listening on ACPID Listen Socket.
[[0;32m  OK  [0m] Started Discard unused blocks once a week.
[[0;32m  OK  [0m] Reached target Timers.
[[0;32m  OK  [0m] Reached target Network is Online.
         Starting Availability of block devices...
[[0;32m  OK  [0m] Reached target Remote File Systems (Pre).
[[0;32m  OK  [0m] Reached target Remote File Systems.
[[0;32m  OK  [0m] Listening on LXD - unix socket.
[[0;32m  OK  [0m] Listening on Socket activation for snappy daemon.
[[0;32m  OK  [0m] Reached target Sockets.
[[0;32m  OK  [0m] Reached target Basic System.
[[0;32m  OK  [0m] Started FUSE filesystem for LXC.
         Starting LXD - container startup/shutdown...
         Starting LSB: automatic crash report generation...
[[0;32m  OK  [0m] Started irqbalance daemon.
         Starting Pollinate to seed the pseudo random number generator...
         Starting Dispatcher daemon for systemd-networkd...
         Starting Accounts Service...
[[0;32m  OK  [0m] Reached target Login Prompts (Pre).
[[0;32m  OK  [0m] Started Deferred execution scheduler.
         Starting System Logging Service...
         Starting Virtualbox guest utils...
[[0;32m  OK  [0m] Started Regular background program processing daemon.
         Starting Permit User Sessions...
[[0;32m  OK  [0m] Started D-Bus System Message Bus.
[   38.231746] cloud-init[894]: |     .. S. . +o  |
[   38.242104] cloud-init[894]: |       . ..o+....|
[   38.251118] cloud-init[894]: |      . . .=o ...|
[   38.259400] cloud-init[894]: |       . .o .  . |
[   38.268081] cloud-init[894]: |          ..     |
[   38.286078] cloud-init[894]: +----[SHA256]-----+
[   38.294851] cloud-init[894]: Generating public/private dsa key pair.
[   38.319183] cloud-init[894]: Your identification has been saved in /etc/ssh/ssh_host_dsa_key.
[   38.349919] cloud-init[894]: Your public key has been saved in /etc/ssh/ssh_host_dsa_key.pub.
[   38.375764] cloud-init[894]: The key fingerprint is:
[   38.387986] cloud-init[894]: SHA256:FVLbca7c/B/QPE/32E5Lslf35id8KnNTsk1pERECGxo root@ubuntu-bionic
[   38.401437] cloud-init[894]: The key's randomart image is:
[   38.410933] cloud-init[894]: +---[DSA 1024]----+
[   38.422254] cloud-init[894]: |        .Eooo..oo|
[   38.432637] cloud-init[894]: |         .o+o+.. |
[   38.464717] cloud-init[894]: |         .o.. . .|
[   38.478085] cloud-init[894]: |         . . +o. |
[   38.498418] cloud-init[894]: |        S   o.o+=|
[   38.511002] cloud-init[894]: |              oBX|
[   38.524022] cloud-init[894]: |             ooOX|
[   38.538931] cloud-init[894]: |            o X+X|
[   38.551313] cloud-init[894]: |             =oO=|
[   38.562107] cloud-init[894]: +----[SHA256]-----+
[   38.580483] cloud-init[894]: Generating public/private ecdsa key pair.
[   38.597456] cloud-init[894]: Your identification has been saved in /etc/ssh/ssh_host_ecdsa_key.
[   38.610063] cloud-init[894]: Your public key has been saved in /etc/ssh/ssh_host_ecdsa_key.pub.
[   38.625249]          Starting LSB: Record successful boot for GRUB...
         Starting Login Service...
         Starting Snap Daemon...
[[0;32m  OK  [0m] Started System Logging Service.
cloud-init[[0;32m  OK  [0m] Started Availability of block devices.
[[0;32m  OK  [0m] Started Permit User Sessions.
[894]: The key fingerprint is:         Starting Authorization Manager...
         Starting Terminate Plymouth Boot Screen...
         Starting Hold until boot process finishes up...

[[0;32m  OK  [0m] Started Hold until boot process finishes up.
         Starting Set console scheme...
[[0;32m  OK  [0m] Started Serial Getty on ttyS0.
[[0;32m  OK  [0m] Started Terminate Plymouth Boot Screen.
[   38.789274] cloud-init[894]: SHA256:x3JeceK2/aSjQVTEXD01yvjQYCxznJJd2ukM/k9OuzM root@ubuntu-bionic
[   38.838038] cloud-init[894]: The key's randomart image is:
[   38.864965] cloud-init[894]: +---[ECDSA 256]---+
[   38.885984] [[0;32m  OK  [0m] Started Set console scheme.
[[0;32m  OK  [0m] Created slice system-getty.slice.
[[0;32m  OK  [0m] Started Getty on tty1.
[[0;32m  OK  [0m] Reached target Login Prompts.
cloud-init[894]: |          =oo=oo=|
[   38.919870] cloud-init[894]: |         =.*B.=.o|
[   38.950483] cloud-init[894]: |          ==+*. .|
[   38.998028] cloud-init[894]: |         ..o*+   |
[   39.049642] [[0;32m  OK  [0m] Started LSB: automatic crash report generation.
cloud-init[894]: |        S +.=+   |
[   39.086240] cloud-init[894]: |         = +.o   |
[   39.098454] cloud-init[894]: |          . o..o.|
[   39.124760] cloud-init[894]: |             .*E.|
[   39.141580] cloud-init[894]: |            ...*=|
[   39.177125] cloud-init[894]: +----[SHA256]-----+
[   39.220795] cloud-init[894]: Generating public/private ed25519 key pair.
[   39.255070] cloud-init[894]: [[0;32m  OK  [0m] Started Login Service.
[[0;32m  OK  [0m] Started Unattended Upgrades Shutdown.
[[0;32m  OK  [0m] Started Authorization Manager.
Your identification has been saved in /etc/ssh/ssh_host_ed25519_key.
[[0;32m  OK  [0m] Started Accounts Service.
[   39.309448] cloud-init[894]: Your public key has been saved in /etc/ssh/ssh_host_ed25519_key.pub.
[   39.336630] cloud-init[894]: The key fingerprint is:
[   39.351373] cloud-init[894]: SHA256:uiYYMMTkj/GFXq+noZCFJZ0l7mrDNtOK3rG4o5aZMUg root@ubuntu-bionic
[   39.358742] cloud-init[894]: The key's randomart image is:
[   39.368185] cloud-init[894]: +--[ED25519 256]--+
[   39.372679] cloud-init[894]: |o. . .           |
[   39.376325] cloud-init[894]: |.oo =            |
[   39.381036] cloud-init[894]: |.+ * o           |
[   39.385407] cloud-init[894]: |oE@ o .          |
[   39.393002] cloud-init[894]: |o= *   .S        |
[   39.400652] cloud-init[894]: |oo*   ..         |
[   39.404987] cloud-init[894]: | @*= o..         |
[   39.409674] cloud-init[894]: |+*X = =.         |
[   39.422527] cloud-init[894]: |*=o+ +.          |
[   39.426312] cloud-init[894]: +----[SHA256]-----+
[[0;32m  OK  [0m] Started LSB: Record successful boot for GRUB.
[[0;32m  OK  [0m] Started LXD - container startup/shutdown.
[[0;32m  OK  [0m] Started Virtualbox guest utils.
[[0;32m  OK  [0m] Started Dispatcher daemon for systemd-networkd.
[[0;32m  OK  [0m] Started Pollinate to seed the pseudo random number generator.
         Starting OpenBSD Secure Shell server...
[[0;32m  OK  [0m] Started OpenBSD Secure Shell server.
[[0;32m  OK  [0m] Started Snap Daemon.
         Starting Wait until snapd is fully seeded...
[[0;32m  OK  [0m] Created slice User Slice of vagrant.
         Starting User Manager for UID 1000...
[[0;32m  OK  [0m] Started Session 1 of user vagrant.
[[0;32m  OK  [0m] Started User Manager for UID 1000.
         Starting Time & Date Service...
[[0;32m  OK  [0m] Started Time & Date Service.

Ubuntu 18.04.6 LTS ubuntu-bionic ttyS0

ubuntu-bionic login: [   48.532918] cloud-init[1393]: Cloud-init v. 23.1.2-0ubuntu0~18.04.1 running 'modules:config' at Fri, 05 Jul 2024 23:05:05 +0000. Up 47.50 seconds.
ci-info: no authorized SSH keys fingerprints found for user ubuntu.
<14>Jul  5 23:05:07 cloud-init: #############################################################
<14>Jul  5 23:05:07 cloud-init: -----BEGIN SSH HOST KEY FINGERPRINTS-----
<14>Jul  5 23:05:07 cloud-init: 1024 SHA256:FVLbca7c/B/QPE/32E5Lslf35id8KnNTsk1pERECGxo root@ubuntu-bionic (DSA)
<14>Jul  5 23:05:07 cloud-init: 256 SHA256:x3JeceK2/aSjQVTEXD01yvjQYCxznJJd2ukM/k9OuzM root@ubuntu-bionic (ECDSA)
<14>Jul  5 23:05:07 cloud-init: 256 SHA256:uiYYMMTkj/GFXq+noZCFJZ0l7mrDNtOK3rG4o5aZMUg root@ubuntu-bionic (ED25519)
<14>Jul  5 23:05:07 cloud-init: 2048 SHA256:31y5l6BmUFW6hruCBEUFhg5TrcWB5KUbZVhgkhPyoXU root@ubuntu-bionic (RSA)
<14>Jul  5 23:05:07 cloud-init: -----END SSH HOST KEY FINGERPRINTS-----
<14>Jul  5 23:05:07 cloud-init: #############################################################
-----BEGIN SSH HOST KEY KEYS-----
ecdsa-sha2-nistp256 AAAAE2VjZHNhLXNoYTItbmlzdHAyNTYAAAAIbmlzdHAyNTYAAABBBM6+IWHIdkgT2KOu9Frg6nR0zAsjXr7R9FT+ZSgPCpCxWL7PSKfG0YRQcg/XM0VVNRGccT+FfTZkJbirE2vumGs= root@ubuntu-bionic
ssh-ed25519 AAAAC3NzaC1lZDI1NTE5AAAAIJ0g1tp5WP+4JtGhtOOBzy1cddWExVahV9f4FTMzBxQJ root@ubuntu-bionic
ssh-rsa AAAAB3NzaC1yc2EAAAADAQABAAABAQDFgqcXx2EhRDxSRBi1725CQfy1PcMQRV9ztv0UYZv78fDkrJH9mvPSo+1TuZl02h2Q0M9Y90etEy/jMUTZ8h4TaMGyDsgTHHreNjHW4zRCNm+UHJpute3VJGQMfKCzfMk7y++RsSHATEjbHHMipCBeh/W+5xnOvTlvKYvOMvts+PuM8XJNjmxZ75pErVO6VPuGHmdLsH0Khhca+SIzT2DHmDaKIlcpUsrxDg9R1SJWdJKWRXe0RmX/vYfQte8EySjxR3P95D1H30vJVIsTExSvu6UyQFI8pL9JMGM+yW2HwCUq7bHi8ErFqHTtUsz7xLHw1zu/mqWkzZyqlznqtcWl root@ubuntu-bionic
-----END SSH HOST KEY KEYS-----
[   50.203068] cloud-init[1534]: Cloud-init v. 23.1.2-0ubuntu0~18.04.1 running 'modules:final' at Fri, 05 Jul 2024 23:05:07 +0000. Up 49.76 seconds.
[   50.203271] cloud-init[1534]: Cloud-init v. 23.1.2-0ubuntu0~18.04.1 finished at Fri, 05 Jul 2024 23:05:07 +0000. Datasource DataSourceNoCloud [seed=/dev/sdb][dsmode=net].  Up 50.13 seconds
[[0;32m  OK  [0m] Stopped target Cloud-init target.
         Stopping Session 6 of user vagrant.
[[0;32m  OK  [0m] Stopped target Timers.
[[0;32m  OK  [0m] Stopped Daily apt upgrade and clean activities.
[[0;32m  OK  [0m] Stopped Ub[[0;32m  OK  [0m] Closed Load/Save RF Kill Switch Status /dev/rfkill Watch.
[[0;32m  OK  [0m] Stopped target Graphical Interface.
         Stopping User Manager for UID 1000...
         Stopping Availability of block devices...
         Stopping Authorization Manager...
         Stopping Session 6 of user vagrant.
[[0;32m  OK  [0m] Stopped target Cloud-init target.
[[0;32m  OK  [0m] Stopped Execute cloud user/final scripts.
[[0;32m  OK  [0m] Stopped Apply the settings specified in cloud-config.
[[0;32m  OK  [0m] Stopped target Cloud-config availability.
[[0;32m  OK  [0m] Stopped target Multi-User System.
[[0;32m  OK  [0m] Stopped Wait until snapd is fully seeded.
         Stopping FUSE filesystem for LXC...
         Stopping LXD - container startup/shutdown...
         Stopping Virtualbox guest utils...
         Stopping Deferred execution scheduler...
         Stopping The Apache HTTP Server...
         Stopping irqbalance daemon...
[[0;32m  OK  [0m] Stopped target Login Prompts.
         Stopping Serial Getty on ttyS0...
         Stopping Getty on tty1...
         Stopping OpenBSD Secure Shell server...
         Stopping System Logging Service...
         Stopping LSB: Record successful boot for GRUB...
         Stopping D-Bu[[0;32m  OK  [0m] Stopped Daily apt upgrade and clean activities.
[[0;32m  OK  [0m] Stopped Daily apt download activities.
         Stopping Accounts Service...
         Stopping Regular background program processing daemon...
[[0;32m  OK  [0m] Stopped Discard unused blocks once a week.
[[0;32m  OK  [0m] Stopped target System Time Synchronized.
[[0;32m  OK  [0m] Unmounted /var/lib/lxcfs.
[[0;32m  OK  [0m] Stopped Accounts Service.
[[0;32m  OK  [0m] Stopped System Logging Service.
[[0;32m  OK  [0m] Stopped irqbalance daemon.
[[0;32m  OK  [0m] Stopped Dispatcher daemon for systemd-networkd.
[[0;32m  OK  [0m] Stopped Deferred execution scheduler.
[[0;32m  OK  [0m] Stopped Regular background program processing daemon.
[[0;32m  OK  [0m] Stopped Authorization Manager.
[[0;32m  OK  [0m] Stopped Serial Getty on ttyS0.
[[0;32m  OK  [0m] Stopped Getty on tty1.
[[0;32m  OK  [0m] Stopped OpenBSD Secure Shell server.
[[0;32m  OK  [0m] Stopped User Manager for UID 1000.
[[0;32m  OK  [0m] Stopped D-Bus System Message Bus.
[[0;32m  OK  [0m] Stopped FUSE filesystem for LXC.
[[0;32m  OK  [0m] Stopped Availability of block devices.
[[0;32m  OK  [0m] Stopped Session 6 of user vagrant.
[[0;32m  OK  [0m] Stopped LXD - container startup/shutdown.
[[0;32m  OK  [0m] Removed slice User Slice of vagrant.
         Stopping Login Service...
[[0;32m  OK  [0m] Removed slice system-getty.slice.
         Stopping Permit User Sessions...
[[0;32m  OK  [0m] Removed slice system-serial\x2dgetty.slice.
[[0;32m  OK  [0m] Stopped target Login Prompts (Pre).
[[0;32m  OK  [0m] Stopped LSB: Record successful boot for GRUB.
[[0;32m  OK  [0m] Stopped Permit User Sessions.
[[0;32m  OK  [0m] Stopped LSB: automatic crash report generation.
[[0;32m  OK  [0m] Stopped The Apache HTTP Server.
[[0;32m  OK  [0m] Stopped target Host and Network Name Lookups.
[[0;32m  OK  [0m] Stopped target Remote File Systems.
         Unmounting /var/www/html...
         Unmounting /vagrant...
[[0;32m  OK  [0m] Stopped Login Service.
[[0;32m  OK  [0m] Stopped Virtualbox guest utils.
[[0;32m  OK  [0m] Unmounted /var/www/html.
[[0;32m  OK  [0m] Unmounted /vagrant.
[[0;32m  OK  [0m] Stopped target Network is Online.
[[0;32m  OK  [0m] Stopped target Network.
         Stopping Network Name Resolution...
[[0;32m  OK  [0m] Stopped target Remote File Systems (Pre).
[[0;32m  OK  [0m] Stopped target User and Group Name Lookups.
[[0;32m  OK  [0m] Stopped target Basic System.
[[0;32m  OK  [0m] Stopped target Sockets.
[[0;32m  OK  [0m] Closed LXD - unix socket.
[[0;32m  OK  [0m] Closed D-Bus System Message Bus Socket.
[[0;32m  OK  [0m] Closed UUID daemon activation socket.
[[0;32m  OK  [0m] Closed Open-iSCSI iscsid Socket.
[[0;32m  OK  [0m] Closed ACPID Listen Socket.
[[0;32m  OK  [0m] Closed cloud-init hotplug hook socket.
[[0;32m  OK  [0m] Closed Socket activation for snappy daemon.
[[0;32m  OK  [0m] Closed Syslog Socket.
[[0;32m  OK  [0m] Stopped target Slices.
[[0;32m  OK  [0m] Removed slice User and Session Slice.
[[0;32m  OK  [0m] Stopped target Paths.
[[0;32m  OK  [0m] Stopped ACPI Events Check.
[[0;32m  OK  [0m] Stopped target System Initialization.
         Stopping Load/Save Random Seed...
         Stopping Update UTMP about System Boot/Shutdown...
[[0;32m  OK  [0m] Stopped Commit a transient machine-id on disk.
[[0;32m  OK  [0m] Stopped target Local Encrypted Volumes.
[[0;32m  OK  [0m] Stopped Dispatch Password Requests to Console Directory Watch.
[[0;32m  OK  [0m] Stopped Forward Password Requests to Wall Directory Watch.
[[0;32m  OK  [0m] Stopped Initial cloud-init job (metadata service crawler).
[[0;32m  OK  [0m] Stopped Network Name Resolution.
         Stopping Network Service...
[[0;32m  OK  [0m] Stopped Update UTMP about System Boot/Shutdown.
[[0;32m  OK  [0m] Stopped Create Volatile Files and Directories.
[[0;32m  OK  [0m] Stopped target Local File Systems.
[[0;32m  OK  [0m] Stopped target Mounted snaps.
[[0;32m  OK  [0m] Stopped target Mounting snaps.
         Unmounting /run/user/1000...
[[0;32m  OK  [0m] Stopped Load/Save Random Seed.
[[0;32m  OK  [0m] Unmounted /run/user/1000.
[[0;32m  OK  [0m] Reached target Unmount All Filesystems.
[[0;32m  OK  [0m] Stopped target Swap.
[[0;32m  OK  [0m] Stopped target Local File Systems (Pre).
         Stopping Monitoring of LVM2 mirrors…ng dmeventd or progress polling...
[[0;32m  OK  [0m] Stopped Create Static Device Nodes in /dev.
[[0;32m  OK  [0m] Stopped Monitoring of LVM2 mirrors,…sing dmeventd or progress polling.
         Stopping LVM2 metadata daemon...
[[0;32m  OK  [0m] Stopped LVM2 metadata daemon.
[[0;32m  OK  [0m] Stopped Network Service.
[[0;32m  OK  [0m] Stopped Apply Kernel Variables.
[[0;32m  OK  [0m] Stopped Load Kernel Modules.
[[0;32m  OK  [0m] Stopped target Network (Pre).
[[0;32m  OK  [0m] Stopped Initial cloud-init job (pre-networking).
[[0;32m  OK  [0m] Stopped Remount Root and Kernel File Systems.
[[0;32m  OK  [0m] Reached target Shutdown.
[[0;32m  OK  [0m] Reached target Final Step.
         Starting Power-Off...
[ 1061.846480] reboot: Power down
m] Reached target Shutdown.
[[0;32m  OK  [0m] Reached target Final Step.
         Starting Power-Off...
[  934.711623] reboot: Power down
